SF:lib\src\core\data\service\http_service_imp.dart
DA:6,2
DA:7,2
DA:8,4
LF:3
LH:3
end_of_record
SF:lib\src\features\pokemon\data\datasources\remote\get_pokemons_remote_datasource_imp.dart
DA:10,2
DA:13,2
DA:14,6
DA:15,4
DA:16,2
DA:17,4
DA:18,8
DA:19,4
DA:20,10
DA:21,4
DA:22,4
DA:23,6
DA:24,4
DA:27,2
LF:14
LH:14
end_of_record
SF:lib\src\core\utils\pokeapi.dart
DA:2,0
DA:3,0
LF:2
LH:0
end_of_record
SF:lib\src\features\pokemon\data\repositories\get_pokemons_repository_imp.dart
DA:10,1
DA:13,1
DA:14,3
DA:16,2
LF:4
LH:4
end_of_record
SF:lib\src\features\pokemon\domain\entities\pokemon_entity.dart
DA:11,0
DA:22,0
DA:25,0
DA:26,0
DA:27,0
DA:28,0
DA:29,0
DA:30,0
DA:31,0
DA:32,0
DA:33,0
LF:11
LH:0
end_of_record
SF:lib\src\features\pokemon\data\dto\pokemon_dto.dart
DA:4,1
DA:5,1
DA:6,1
DA:7,2
DA:8,1
DA:9,0
DA:10,0
DA:11,0
DA:13,0
DA:14,0
DA:15,0
DA:17,0
LF:12
LH:5
end_of_record
